  Whale.c
C:\Users\User\Desktop\Whale_Game\modules.h(4,10): warning C4067: 전처리기 지시문 다음에 예기치 않은 토큰이 있습니다. 줄 바꿈 문자가 필요합니다.
C:\Users\User\Desktop\Whale_Game\Whale.c(45,15): warning C4013: 'game'이(가) 정의되지 않았습니다. extern은 int형을 반환하는 것으로 간주합니다.
C:\Users\User\Desktop\Whale_Game\Whale.c(53,8): warning C4013: 'main'이(가) 정의되지 않았습니다. extern은 int형을 반환하는 것으로 간주합니다.
C:\Users\User\Desktop\Whale_Game\Whale.c(58,10): warning C4098: 'pushpull': 'void' 함수에서 값을 반환하고 있습니다.
C:\Users\User\Desktop\Whale_Game\Whale.c(68,102): warning C4047: '함수': 'char *'의 간접 참조 수준이 'int'과(와) 다릅니다.
C:\Users\User\Desktop\Whale_Game\Whale.c(68,98): warning C4024: 'print_main_text': 형식 및 실제 매개 변수 2의 형식이 서로 다릅니다.
C:\Users\User\Desktop\Whale_Game\Whale.c(68,106): warning C4047: '함수': 'int'의 간접 참조 수준이 'int *'과(와) 다릅니다.
C:\Users\User\Desktop\Whale_Game\Whale.c(68,104): warning C4024: 'print_main_text': 형식 및 실제 매개 변수 3의 형식이 서로 다릅니다.
C:\Users\User\Desktop\Whale_Game\Whale.c(68,110): warning C4047: '함수': 'int'의 간접 참조 수준이 'int *'과(와) 다릅니다.
C:\Users\User\Desktop\Whale_Game\Whale.c(68,108): warning C4024: 'print_main_text': 형식 및 실제 매개 변수 4의 형식이 서로 다릅니다.
C:\Users\User\Desktop\Whale_Game\Whale.c(70,102): warning C4047: '함수': 'char *'의 간접 참조 수준이 'int'과(와) 다릅니다.
C:\Users\User\Desktop\Whale_Game\Whale.c(70,98): warning C4024: 'print_main_text': 형식 및 실제 매개 변수 2의 형식이 서로 다릅니다.
C:\Users\User\Desktop\Whale_Game\Whale.c(70,106): warning C4047: '함수': 'int'의 간접 참조 수준이 'int *'과(와) 다릅니다.
C:\Users\User\Desktop\Whale_Game\Whale.c(70,104): warning C4024: 'print_main_text': 형식 및 실제 매개 변수 3의 형식이 서로 다릅니다.
C:\Users\User\Desktop\Whale_Game\Whale.c(70,110): warning C4047: '함수': 'int'의 간접 참조 수준이 'int *'과(와) 다릅니다.
C:\Users\User\Desktop\Whale_Game\Whale.c(70,108): warning C4024: 'print_main_text': 형식 및 실제 매개 변수 4의 형식이 서로 다릅니다.
C:\Users\User\Desktop\Whale_Game\Whale.c(72,102): warning C4047: '함수': 'char *'의 간접 참조 수준이 'int'과(와) 다릅니다.
C:\Users\User\Desktop\Whale_Game\Whale.c(72,98): warning C4024: 'print_main_text': 형식 및 실제 매개 변수 2의 형식이 서로 다릅니다.
C:\Users\User\Desktop\Whale_Game\Whale.c(72,106): warning C4047: '함수': 'int'의 간접 참조 수준이 'int *'과(와) 다릅니다.
C:\Users\User\Desktop\Whale_Game\Whale.c(72,104): warning C4024: 'print_main_text': 형식 및 실제 매개 변수 3의 형식이 서로 다릅니다.
C:\Users\User\Desktop\Whale_Game\Whale.c(72,110): warning C4047: '함수': 'int'의 간접 참조 수준이 'int *'과(와) 다릅니다.
C:\Users\User\Desktop\Whale_Game\Whale.c(72,108): warning C4024: 'print_main_text': 형식 및 실제 매개 변수 4의 형식이 서로 다릅니다.
C:\Users\User\Desktop\Whale_Game\Whale.c(74,102): warning C4047: '함수': 'char *'의 간접 참조 수준이 'int'과(와) 다릅니다.
C:\Users\User\Desktop\Whale_Game\Whale.c(74,98): warning C4024: 'print_main_text': 형식 및 실제 매개 변수 2의 형식이 서로 다릅니다.
C:\Users\User\Desktop\Whale_Game\Whale.c(74,106): warning C4047: '함수': 'int'의 간접 참조 수준이 'int *'과(와) 다릅니다.
C:\Users\User\Desktop\Whale_Game\Whale.c(74,104): warning C4024: 'print_main_text': 형식 및 실제 매개 변수 3의 형식이 서로 다릅니다.
C:\Users\User\Desktop\Whale_Game\Whale.c(74,110): warning C4047: '함수': 'int'의 간접 참조 수준이 'int *'과(와) 다릅니다.
C:\Users\User\Desktop\Whale_Game\Whale.c(74,108): warning C4024: 'print_main_text': 형식 및 실제 매개 변수 4의 형식이 서로 다릅니다.
C:\Users\User\Desktop\Whale_Game\Whale.c(76,102): warning C4047: '함수': 'char *'의 간접 참조 수준이 'int'과(와) 다릅니다.
C:\Users\User\Desktop\Whale_Game\Whale.c(76,98): warning C4024: 'print_main_text': 형식 및 실제 매개 변수 2의 형식이 서로 다릅니다.
C:\Users\User\Desktop\Whale_Game\Whale.c(76,106): warning C4047: '함수': 'int'의 간접 참조 수준이 'int *'과(와) 다릅니다.
C:\Users\User\Desktop\Whale_Game\Whale.c(76,104): warning C4024: 'print_main_text': 형식 및 실제 매개 변수 3의 형식이 서로 다릅니다.
C:\Users\User\Desktop\Whale_Game\Whale.c(76,110): warning C4047: '함수': 'int'의 간접 참조 수준이 'int *'과(와) 다릅니다.
C:\Users\User\Desktop\Whale_Game\Whale.c(76,108): warning C4024: 'print_main_text': 형식 및 실제 매개 변수 4의 형식이 서로 다릅니다.
C:\Users\User\Desktop\Whale_Game\Whale.c(78,102): warning C4047: '함수': 'char *'의 간접 참조 수준이 'int'과(와) 다릅니다.
C:\Users\User\Desktop\Whale_Game\Whale.c(78,98): warning C4024: 'print_main_text': 형식 및 실제 매개 변수 2의 형식이 서로 다릅니다.
C:\Users\User\Desktop\Whale_Game\Whale.c(78,106): warning C4047: '함수': 'int'의 간접 참조 수준이 'int *'과(와) 다릅니다.
C:\Users\User\Desktop\Whale_Game\Whale.c(78,104): warning C4024: 'print_main_text': 형식 및 실제 매개 변수 3의 형식이 서로 다릅니다.
C:\Users\User\Desktop\Whale_Game\Whale.c(78,110): warning C4047: '함수': 'int'의 간접 참조 수준이 'int *'과(와) 다릅니다.
C:\Users\User\Desktop\Whale_Game\Whale.c(78,108): warning C4024: 'print_main_text': 형식 및 실제 매개 변수 4의 형식이 서로 다릅니다.
C:\Users\User\Desktop\Whale_Game\Whale.c(82,87): warning C4047: '함수': 'char *'의 간접 참조 수준이 'int'과(와) 다릅니다.
C:\Users\User\Desktop\Whale_Game\Whale.c(82,78): warning C4024: 'print_main_text': 형식 및 실제 매개 변수 2의 형식이 서로 다릅니다.
C:\Users\User\Desktop\Whale_Game\Whale.c(82,91): warning C4047: '함수': 'int'의 간접 참조 수준이 'int *'과(와) 다릅니다.
C:\Users\User\Desktop\Whale_Game\Whale.c(82,89): warning C4024: 'print_main_text': 형식 및 실제 매개 변수 3의 형식이 서로 다릅니다.
C:\Users\User\Desktop\Whale_Game\Whale.c(82,95): warning C4047: '함수': 'int'의 간접 참조 수준이 'int *'과(와) 다릅니다.
C:\Users\User\Desktop\Whale_Game\Whale.c(82,93): warning C4024: 'print_main_text': 형식 및 실제 매개 변수 4의 형식이 서로 다릅니다.
C:\Users\User\Desktop\Whale_Game\Whale.c(84,87): warning C4047: '함수': 'char *'의 간접 참조 수준이 'int'과(와) 다릅니다.
C:\Users\User\Desktop\Whale_Game\Whale.c(84,78): warning C4024: 'print_main_text': 형식 및 실제 매개 변수 2의 형식이 서로 다릅니다.
C:\Users\User\Desktop\Whale_Game\Whale.c(84,91): warning C4047: '함수': 'int'의 간접 참조 수준이 'int *'과(와) 다릅니다.
C:\Users\User\Desktop\Whale_Game\Whale.c(84,89): warning C4024: 'print_main_text': 형식 및 실제 매개 변수 3의 형식이 서로 다릅니다.
C:\Users\User\Desktop\Whale_Game\Whale.c(84,95): warning C4047: '함수': 'int'의 간접 참조 수준이 'int *'과(와) 다릅니다.
C:\Users\User\Desktop\Whale_Game\Whale.c(84,93): warning C4024: 'print_main_text': 형식 및 실제 매개 변수 4의 형식이 서로 다릅니다.
C:\Users\User\Desktop\Whale_Game\Whale.c(86,102): warning C4047: '함수': 'char *'의 간접 참조 수준이 'int'과(와) 다릅니다.
C:\Users\User\Desktop\Whale_Game\Whale.c(86,93): warning C4024: 'print_main_text': 형식 및 실제 매개 변수 2의 형식이 서로 다릅니다.
C:\Users\User\Desktop\Whale_Game\Whale.c(86,106): warning C4047: '함수': 'int'의 간접 참조 수준이 'int *'과(와) 다릅니다.
C:\Users\User\Desktop\Whale_Game\Whale.c(86,104): warning C4024: 'print_main_text': 형식 및 실제 매개 변수 3의 형식이 서로 다릅니다.
C:\Users\User\Desktop\Whale_Game\Whale.c(86,110): warning C4047: '함수': 'int'의 간접 참조 수준이 'int *'과(와) 다릅니다.
C:\Users\User\Desktop\Whale_Game\Whale.c(86,108): warning C4024: 'print_main_text': 형식 및 실제 매개 변수 4의 형식이 서로 다릅니다.
C:\Users\User\Desktop\Whale_Game\Whale.c(88,87): warning C4047: '함수': 'char *'의 간접 참조 수준이 'int'과(와) 다릅니다.
C:\Users\User\Desktop\Whale_Game\Whale.c(88,78): warning C4024: 'print_main_text': 형식 및 실제 매개 변수 2의 형식이 서로 다릅니다.
C:\Users\User\Desktop\Whale_Game\Whale.c(88,91): warning C4047: '함수': 'int'의 간접 참조 수준이 'int *'과(와) 다릅니다.
C:\Users\User\Desktop\Whale_Game\Whale.c(88,89): warning C4024: 'print_main_text': 형식 및 실제 매개 변수 3의 형식이 서로 다릅니다.
C:\Users\User\Desktop\Whale_Game\Whale.c(88,95): warning C4047: '함수': 'int'의 간접 참조 수준이 'int *'과(와) 다릅니다.
C:\Users\User\Desktop\Whale_Game\Whale.c(88,93): warning C4024: 'print_main_text': 형식 및 실제 매개 변수 4의 형식이 서로 다릅니다.
C:\Users\User\Desktop\Whale_Game\Whale.c(90,103): warning C4047: '함수': 'char *'의 간접 참조 수준이 'int'과(와) 다릅니다.
C:\Users\User\Desktop\Whale_Game\Whale.c(90,94): warning C4024: 'print_main_text': 형식 및 실제 매개 변수 2의 형식이 서로 다릅니다.
C:\Users\User\Desktop\Whale_Game\Whale.c(90,107): warning C4047: '함수': 'int'의 간접 참조 수준이 'int *'과(와) 다릅니다.
C:\Users\User\Desktop\Whale_Game\Whale.c(90,105): warning C4024: 'print_main_text': 형식 및 실제 매개 변수 3의 형식이 서로 다릅니다.
C:\Users\User\Desktop\Whale_Game\Whale.c(90,111): warning C4047: '함수': 'int'의 간접 참조 수준이 'int *'과(와) 다릅니다.
C:\Users\User\Desktop\Whale_Game\Whale.c(90,109): warning C4024: 'print_main_text': 형식 및 실제 매개 변수 4의 형식이 서로 다릅니다.
C:\Users\User\Desktop\Whale_Game\Whale.c(92,87): warning C4047: '함수': 'char *'의 간접 참조 수준이 'int'과(와) 다릅니다.
C:\Users\User\Desktop\Whale_Game\Whale.c(92,78): warning C4024: 'print_main_text': 형식 및 실제 매개 변수 2의 형식이 서로 다릅니다.
C:\Users\User\Desktop\Whale_Game\Whale.c(92,91): warning C4047: '함수': 'int'의 간접 참조 수준이 'int *'과(와) 다릅니다.
C:\Users\User\Desktop\Whale_Game\Whale.c(92,89): warning C4024: 'print_main_text': 형식 및 실제 매개 변수 3의 형식이 서로 다릅니다.
C:\Users\User\Desktop\Whale_Game\Whale.c(92,95): warning C4047: '함수': 'int'의 간접 참조 수준이 'int *'과(와) 다릅니다.
C:\Users\User\Desktop\Whale_Game\Whale.c(92,93): warning C4024: 'print_main_text': 형식 및 실제 매개 변수 4의 형식이 서로 다릅니다.
C:\Users\User\Desktop\Whale_Game\Whale.c(94,87): warning C4047: '함수': 'char *'의 간접 참조 수준이 'int'과(와) 다릅니다.
C:\Users\User\Desktop\Whale_Game\Whale.c(94,78): warning C4024: 'print_main_text': 형식 및 실제 매개 변수 2의 형식이 서로 다릅니다.
C:\Users\User\Desktop\Whale_Game\Whale.c(94,91): warning C4047: '함수': 'int'의 간접 참조 수준이 'int *'과(와) 다릅니다.
C:\Users\User\Desktop\Whale_Game\Whale.c(94,89): warning C4024: 'print_main_text': 형식 및 실제 매개 변수 3의 형식이 서로 다릅니다.
C:\Users\User\Desktop\Whale_Game\Whale.c(94,95): warning C4047: '함수': 'int'의 간접 참조 수준이 'int *'과(와) 다릅니다.
C:\Users\User\Desktop\Whale_Game\Whale.c(94,93): warning C4024: 'print_main_text': 형식 및 실제 매개 변수 4의 형식이 서로 다릅니다.
C:\Users\User\Desktop\Whale_Game\Whale.c(103,50): warning C4047: '함수': 'char *'의 간접 참조 수준이 'int'과(와) 다릅니다.
C:\Users\User\Desktop\Whale_Game\Whale.c(103,41): warning C4024: 'print_main_text': 형식 및 실제 매개 변수 2의 형식이 서로 다릅니다.
C:\Users\User\Desktop\Whale_Game\Whale.c(103,54): warning C4047: '함수': 'int'의 간접 참조 수준이 'int *'과(와) 다릅니다.
C:\Users\User\Desktop\Whale_Game\Whale.c(103,52): warning C4024: 'print_main_text': 형식 및 실제 매개 변수 3의 형식이 서로 다릅니다.
C:\Users\User\Desktop\Whale_Game\Whale.c(103,58): warning C4047: '함수': 'int'의 간접 참조 수준이 'int *'과(와) 다릅니다.
C:\Users\User\Desktop\Whale_Game\Whale.c(103,56): warning C4024: 'print_main_text': 형식 및 실제 매개 변수 4의 형식이 서로 다릅니다.
C:\Users\User\Desktop\Whale_Game\Whale.c(105,52): warning C4047: '함수': 'char *'의 간접 참조 수준이 'int'과(와) 다릅니다.
C:\Users\User\Desktop\Whale_Game\Whale.c(105,43): warning C4024: 'print_main_text': 형식 및 실제 매개 변수 2의 형식이 서로 다릅니다.
C:\Users\User\Desktop\Whale_Game\Whale.c(105,56): warning C4047: '함수': 'int'의 간접 참조 수준이 'int *'과(와) 다릅니다.
C:\Users\User\Desktop\Whale_Game\Whale.c(105,54): warning C4024: 'print_main_text': 형식 및 실제 매개 변수 3의 형식이 서로 다릅니다.
C:\Users\User\Desktop\Whale_Game\Whale.c(105,60): warning C4047: '함수': 'int'의 간접 참조 수준이 'int *'과(와) 다릅니다.
C:\Users\User\Desktop\Whale_Game\Whale.c(105,58): warning C4024: 'print_main_text': 형식 및 실제 매개 변수 4의 형식이 서로 다릅니다.
C:\Users\User\Desktop\Whale_Game\Whale.c(107,53): warning C4047: '함수': 'char *'의 간접 참조 수준이 'int'과(와) 다릅니다.
C:\Users\User\Desktop\Whale_Game\Whale.c(107,44): warning C4024: 'print_main_text': 형식 및 실제 매개 변수 2의 형식이 서로 다릅니다.
C:\Users\User\Desktop\Whale_Game\Whale.c(107,57): warning C4047: '함수': 'int'의 간접 참조 수준이 'int *'과(와) 다릅니다.
C:\Users\User\Desktop\Whale_Game\Whale.c(107,55): warning C4024: 'print_main_text': 형식 및 실제 매개 변수 3의 형식이 서로 다릅니다.
C:\Users\User\Desktop\Whale_Game\Whale.c(107,61): warning C4047: '함수': 'int'의 간접 참조 수준이 'int *'과(와) 다릅니다.
C:\Users\User\Desktop\Whale_Game\Whale.c(107,59): warning C4024: 'print_main_text': 형식 및 실제 매개 변수 4의 형식이 서로 다릅니다.
C:\Users\User\Desktop\Whale_Game\Whale.c(109,53): warning C4047: '함수': 'char *'의 간접 참조 수준이 'int'과(와) 다릅니다.
C:\Users\User\Desktop\Whale_Game\Whale.c(109,44): warning C4024: 'print_main_text': 형식 및 실제 매개 변수 2의 형식이 서로 다릅니다.
C:\Users\User\Desktop\Whale_Game\Whale.c(109,57): warning C4047: '함수': 'int'의 간접 참조 수준이 'int *'과(와) 다릅니다.
C:\Users\User\Desktop\Whale_Game\Whale.c(109,55): warning C4024: 'print_main_text': 형식 및 실제 매개 변수 3의 형식이 서로 다릅니다.
C:\Users\User\Desktop\Whale_Game\Whale.c(109,61): warning C4047: '함수': 'int'의 간접 참조 수준이 'int *'과(와) 다릅니다.
C:\Users\User\Desktop\Whale_Game\Whale.c(109,59): warning C4024: 'print_main_text': 형식 및 실제 매개 변수 4의 형식이 서로 다릅니다.
C:\Users\User\Desktop\Whale_Game\Whale.c(111,53): warning C4047: '함수': 'char *'의 간접 참조 수준이 'int'과(와) 다릅니다.
C:\Users\User\Desktop\Whale_Game\Whale.c(111,44): warning C4024: 'print_main_text': 형식 및 실제 매개 변수 2의 형식이 서로 다릅니다.
C:\Users\User\Desktop\Whale_Game\Whale.c(111,57): warning C4047: '함수': 'int'의 간접 참조 수준이 'int *'과(와) 다릅니다.
C:\Users\User\Desktop\Whale_Game\Whale.c(111,55): warning C4024: 'print_main_text': 형식 및 실제 매개 변수 3의 형식이 서로 다릅니다.
C:\Users\User\Desktop\Whale_Game\Whale.c(111,61): warning C4047: '함수': 'int'의 간접 참조 수준이 'int *'과(와) 다릅니다.
C:\Users\User\Desktop\Whale_Game\Whale.c(111,59): warning C4024: 'print_main_text': 형식 및 실제 매개 변수 4의 형식이 서로 다릅니다.
C:\Users\User\Desktop\Whale_Game\Whale.c(113,53): warning C4047: '함수': 'char *'의 간접 참조 수준이 'int'과(와) 다릅니다.
C:\Users\User\Desktop\Whale_Game\Whale.c(113,44): warning C4024: 'print_main_text': 형식 및 실제 매개 변수 2의 형식이 서로 다릅니다.
C:\Users\User\Desktop\Whale_Game\Whale.c(113,57): warning C4047: '함수': 'int'의 간접 참조 수준이 'int *'과(와) 다릅니다.
C:\Users\User\Desktop\Whale_Game\Whale.c(113,55): warning C4024: 'print_main_text': 형식 및 실제 매개 변수 3의 형식이 서로 다릅니다.
C:\Users\User\Desktop\Whale_Game\Whale.c(113,61): warning C4047: '함수': 'int'의 간접 참조 수준이 'int *'과(와) 다릅니다.
C:\Users\User\Desktop\Whale_Game\Whale.c(113,59): warning C4024: 'print_main_text': 형식 및 실제 매개 변수 4의 형식이 서로 다릅니다.
C:\Users\User\Desktop\Whale_Game\Whale.c(119,40): warning C4047: '함수': 'char *'의 간접 참조 수준이 'int'과(와) 다릅니다.
C:\Users\User\Desktop\Whale_Game\Whale.c(119,30): warning C4024: 'print_main_text': 형식 및 실제 매개 변수 2의 형식이 서로 다릅니다.
C:\Users\User\Desktop\Whale_Game\Whale.c(119,44): warning C4047: '함수': 'int'의 간접 참조 수준이 'int *'과(와) 다릅니다.
C:\Users\User\Desktop\Whale_Game\Whale.c(119,42): warning C4024: 'print_main_text': 형식 및 실제 매개 변수 3의 형식이 서로 다릅니다.
C:\Users\User\Desktop\Whale_Game\Whale.c(119,48): warning C4047: '함수': 'int'의 간접 참조 수준이 'int *'과(와) 다릅니다.
C:\Users\User\Desktop\Whale_Game\Whale.c(119,46): warning C4024: 'print_main_text': 형식 및 실제 매개 변수 4의 형식이 서로 다릅니다.
C:\Users\User\Desktop\Whale_Game\Whale.c(121,40): warning C4047: '함수': 'char *'의 간접 참조 수준이 'int'과(와) 다릅니다.
C:\Users\User\Desktop\Whale_Game\Whale.c(121,30): warning C4024: 'print_main_text': 형식 및 실제 매개 변수 2의 형식이 서로 다릅니다.
C:\Users\User\Desktop\Whale_Game\Whale.c(121,44): warning C4047: '함수': 'int'의 간접 참조 수준이 'int *'과(와) 다릅니다.
C:\Users\User\Desktop\Whale_Game\Whale.c(121,42): warning C4024: 'print_main_text': 형식 및 실제 매개 변수 3의 형식이 서로 다릅니다.
C:\Users\User\Desktop\Whale_Game\Whale.c(121,48): warning C4047: '함수': 'int'의 간접 참조 수준이 'int *'과(와) 다릅니다.
C:\Users\User\Desktop\Whale_Game\Whale.c(121,46): warning C4024: 'print_main_text': 형식 및 실제 매개 변수 4의 형식이 서로 다릅니다.
C:\Users\User\Desktop\Whale_Game\Whale.c(123,41): warning C4047: '함수': 'char *'의 간접 참조 수준이 'int'과(와) 다릅니다.
C:\Users\User\Desktop\Whale_Game\Whale.c(123,31): warning C4024: 'print_main_text': 형식 및 실제 매개 변수 2의 형식이 서로 다릅니다.
C:\Users\User\Desktop\Whale_Game\Whale.c(123,45): warning C4047: '함수': 'int'의 간접 참조 수준이 'int *'과(와) 다릅니다.
C:\Users\User\Desktop\Whale_Game\Whale.c(123,43): warning C4024: 'print_main_text': 형식 및 실제 매개 변수 3의 형식이 서로 다릅니다.
C:\Users\User\Desktop\Whale_Game\Whale.c(123,49): warning C4047: '함수': 'int'의 간접 참조 수준이 'int *'과(와) 다릅니다.
C:\Users\User\Desktop\Whale_Game\Whale.c(123,47): warning C4024: 'print_main_text': 형식 및 실제 매개 변수 4의 형식이 서로 다릅니다.
C:\Users\User\Desktop\Whale_Game\Whale.c(125,48): warning C4047: '함수': 'char *'의 간접 참조 수준이 'int'과(와) 다릅니다.
C:\Users\User\Desktop\Whale_Game\Whale.c(125,38): warning C4024: 'print_main_text': 형식 및 실제 매개 변수 2의 형식이 서로 다릅니다.
C:\Users\User\Desktop\Whale_Game\Whale.c(125,52): warning C4047: '함수': 'int'의 간접 참조 수준이 'int *'과(와) 다릅니다.
C:\Users\User\Desktop\Whale_Game\Whale.c(125,50): warning C4024: 'print_main_text': 형식 및 실제 매개 변수 3의 형식이 서로 다릅니다.
C:\Users\User\Desktop\Whale_Game\Whale.c(125,56): warning C4047: '함수': 'int'의 간접 참조 수준이 'int *'과(와) 다릅니다.
C:\Users\User\Desktop\Whale_Game\Whale.c(125,54): warning C4024: 'print_main_text': 형식 및 실제 매개 변수 4의 형식이 서로 다릅니다.
C:\Users\User\Desktop\Whale_Game\Whale.c(127,49): warning C4047: '함수': 'char *'의 간접 참조 수준이 'int'과(와) 다릅니다.
C:\Users\User\Desktop\Whale_Game\Whale.c(127,39): warning C4024: 'print_main_text': 형식 및 실제 매개 변수 2의 형식이 서로 다릅니다.
C:\Users\User\Desktop\Whale_Game\Whale.c(127,53): warning C4047: '함수': 'int'의 간접 참조 수준이 'int *'과(와) 다릅니다.
C:\Users\User\Desktop\Whale_Game\Whale.c(127,51): warning C4024: 'print_main_text': 형식 및 실제 매개 변수 3의 형식이 서로 다릅니다.
C:\Users\User\Desktop\Whale_Game\Whale.c(127,57): warning C4047: '함수': 'int'의 간접 참조 수준이 'int *'과(와) 다릅니다.
C:\Users\User\Desktop\Whale_Game\Whale.c(127,55): warning C4024: 'print_main_text': 형식 및 실제 매개 변수 4의 형식이 서로 다릅니다.
C:\Users\User\Desktop\Whale_Game\Whale.c(129,49): warning C4047: '함수': 'char *'의 간접 참조 수준이 'int'과(와) 다릅니다.
C:\Users\User\Desktop\Whale_Game\Whale.c(129,39): warning C4024: 'print_main_text': 형식 및 실제 매개 변수 2의 형식이 서로 다릅니다.
C:\Users\User\Desktop\Whale_Game\Whale.c(129,53): warning C4047: '함수': 'int'의 간접 참조 수준이 'int *'과(와) 다릅니다.
C:\Users\User\Desktop\Whale_Game\Whale.c(129,51): warning C4024: 'print_main_text': 형식 및 실제 매개 변수 3의 형식이 서로 다릅니다.
C:\Users\User\Desktop\Whale_Game\Whale.c(129,57): warning C4047: '함수': 'int'의 간접 참조 수준이 'int *'과(와) 다릅니다.
C:\Users\User\Desktop\Whale_Game\Whale.c(129,55): warning C4024: 'print_main_text': 형식 및 실제 매개 변수 4의 형식이 서로 다릅니다.
C:\Users\User\Desktop\Whale_Game\Whale.c(131,51): warning C4047: '함수': 'char *'의 간접 참조 수준이 'int'과(와) 다릅니다.
C:\Users\User\Desktop\Whale_Game\Whale.c(131,41): warning C4024: 'print_main_text': 형식 및 실제 매개 변수 2의 형식이 서로 다릅니다.
C:\Users\User\Desktop\Whale_Game\Whale.c(131,55): warning C4047: '함수': 'int'의 간접 참조 수준이 'int *'과(와) 다릅니다.
C:\Users\User\Desktop\Whale_Game\Whale.c(131,53): warning C4024: 'print_main_text': 형식 및 실제 매개 변수 3의 형식이 서로 다릅니다.
C:\Users\User\Desktop\Whale_Game\Whale.c(131,59): warning C4047: '함수': 'int'의 간접 참조 수준이 'int *'과(와) 다릅니다.
C:\Users\User\Desktop\Whale_Game\Whale.c(131,57): warning C4024: 'print_main_text': 형식 및 실제 매개 변수 4의 형식이 서로 다릅니다.
C:\Users\User\Desktop\Whale_Game\Whale.c(133,51): warning C4047: '함수': 'char *'의 간접 참조 수준이 'int'과(와) 다릅니다.
C:\Users\User\Desktop\Whale_Game\Whale.c(133,41): warning C4024: 'print_main_text': 형식 및 실제 매개 변수 2의 형식이 서로 다릅니다.
C:\Users\User\Desktop\Whale_Game\Whale.c(133,55): warning C4047: '함수': 'int'의 간접 참조 수준이 'int *'과(와) 다릅니다.
C:\Users\User\Desktop\Whale_Game\Whale.c(133,53): warning C4024: 'print_main_text': 형식 및 실제 매개 변수 3의 형식이 서로 다릅니다.
C:\Users\User\Desktop\Whale_Game\Whale.c(133,59): warning C4047: '함수': 'int'의 간접 참조 수준이 'int *'과(와) 다릅니다.
C:\Users\User\Desktop\Whale_Game\Whale.c(133,57): warning C4024: 'print_main_text': 형식 및 실제 매개 변수 4의 형식이 서로 다릅니다.
C:\Users\User\Desktop\Whale_Game\Whale.c(135,53): warning C4047: '함수': 'char *'의 간접 참조 수준이 'int'과(와) 다릅니다.
C:\Users\User\Desktop\Whale_Game\Whale.c(135,43): warning C4024: 'print_main_text': 형식 및 실제 매개 변수 2의 형식이 서로 다릅니다.
C:\Users\User\Desktop\Whale_Game\Whale.c(135,57): warning C4047: '함수': 'int'의 간접 참조 수준이 'int *'과(와) 다릅니다.
C:\Users\User\Desktop\Whale_Game\Whale.c(135,55): warning C4024: 'print_main_text': 형식 및 실제 매개 변수 3의 형식이 서로 다릅니다.
C:\Users\User\Desktop\Whale_Game\Whale.c(135,61): warning C4047: '함수': 'int'의 간접 참조 수준이 'int *'과(와) 다릅니다.
C:\Users\User\Desktop\Whale_Game\Whale.c(135,59): warning C4024: 'print_main_text': 형식 및 실제 매개 변수 4의 형식이 서로 다릅니다.
C:\Users\User\Desktop\Whale_Game\Whale.c(137,53): warning C4047: '함수': 'char *'의 간접 참조 수준이 'int'과(와) 다릅니다.
C:\Users\User\Desktop\Whale_Game\Whale.c(137,43): warning C4024: 'print_main_text': 형식 및 실제 매개 변수 2의 형식이 서로 다릅니다.
C:\Users\User\Desktop\Whale_Game\Whale.c(137,57): warning C4047: '함수': 'int'의 간접 참조 수준이 'int *'과(와) 다릅니다.
C:\Users\User\Desktop\Whale_Game\Whale.c(137,55): warning C4024: 'print_main_text': 형식 및 실제 매개 변수 3의 형식이 서로 다릅니다.
C:\Users\User\Desktop\Whale_Game\Whale.c(137,61): warning C4047: '함수': 'int'의 간접 참조 수준이 'int *'과(와) 다릅니다.
C:\Users\User\Desktop\Whale_Game\Whale.c(137,59): warning C4024: 'print_main_text': 형식 및 실제 매개 변수 4의 형식이 서로 다릅니다.
C:\Users\User\Desktop\Whale_Game\Whale.c(142,32): warning C4047: '함수': 'char *'의 간접 참조 수준이 'int'과(와) 다릅니다.
C:\Users\User\Desktop\Whale_Game\Whale.c(142,23): warning C4024: 'print_main_text': 형식 및 실제 매개 변수 2의 형식이 서로 다릅니다.
C:\Users\User\Desktop\Whale_Game\Whale.c(142,36): warning C4047: '함수': 'int'의 간접 참조 수준이 'int *'과(와) 다릅니다.
C:\Users\User\Desktop\Whale_Game\Whale.c(142,34): warning C4024: 'print_main_text': 형식 및 실제 매개 변수 3의 형식이 서로 다릅니다.
C:\Users\User\Desktop\Whale_Game\Whale.c(142,40): warning C4047: '함수': 'int'의 간접 참조 수준이 'int *'과(와) 다릅니다.
C:\Users\User\Desktop\Whale_Game\Whale.c(142,38): warning C4024: 'print_main_text': 형식 및 실제 매개 변수 4의 형식이 서로 다릅니다.
C:\Users\User\Desktop\Whale_Game\Whale.c(147,32): warning C4047: '함수': 'char *'의 간접 참조 수준이 'int'과(와) 다릅니다.
C:\Users\User\Desktop\Whale_Game\Whale.c(147,23): warning C4024: 'print_main_text': 형식 및 실제 매개 변수 2의 형식이 서로 다릅니다.
C:\Users\User\Desktop\Whale_Game\Whale.c(147,36): warning C4047: '함수': 'int'의 간접 참조 수준이 'int *'과(와) 다릅니다.
C:\Users\User\Desktop\Whale_Game\Whale.c(147,34): warning C4024: 'print_main_text': 형식 및 실제 매개 변수 3의 형식이 서로 다릅니다.
C:\Users\User\Desktop\Whale_Game\Whale.c(147,40): warning C4047: '함수': 'int'의 간접 참조 수준이 'int *'과(와) 다릅니다.
C:\Users\User\Desktop\Whale_Game\Whale.c(147,38): warning C4024: 'print_main_text': 형식 및 실제 매개 변수 4의 형식이 서로 다릅니다.
C:\Users\User\Desktop\Whale_Game\Whale.c(152,32): warning C4047: '함수': 'char *'의 간접 참조 수준이 'int'과(와) 다릅니다.
C:\Users\User\Desktop\Whale_Game\Whale.c(152,23): warning C4024: 'print_main_text': 형식 및 실제 매개 변수 2의 형식이 서로 다릅니다.
C:\Users\User\Desktop\Whale_Game\Whale.c(152,36): warning C4047: '함수': 'int'의 간접 참조 수준이 'int *'과(와) 다릅니다.
C:\Users\User\Desktop\Whale_Game\Whale.c(152,34): warning C4024: 'print_main_text': 형식 및 실제 매개 변수 3의 형식이 서로 다릅니다.
C:\Users\User\Desktop\Whale_Game\Whale.c(152,40): warning C4047: '함수': 'int'의 간접 참조 수준이 'int *'과(와) 다릅니다.
C:\Users\User\Desktop\Whale_Game\Whale.c(152,38): warning C4024: 'print_main_text': 형식 및 실제 매개 변수 4의 형식이 서로 다릅니다.
C:\Users\User\Desktop\Whale_Game\Whale.c(157,32): warning C4047: '함수': 'char *'의 간접 참조 수준이 'int'과(와) 다릅니다.
C:\Users\User\Desktop\Whale_Game\Whale.c(157,23): warning C4024: 'print_main_text': 형식 및 실제 매개 변수 2의 형식이 서로 다릅니다.
C:\Users\User\Desktop\Whale_Game\Whale.c(157,36): warning C4047: '함수': 'int'의 간접 참조 수준이 'int *'과(와) 다릅니다.
C:\Users\User\Desktop\Whale_Game\Whale.c(157,34): warning C4024: 'print_main_text': 형식 및 실제 매개 변수 3의 형식이 서로 다릅니다.
C:\Users\User\Desktop\Whale_Game\Whale.c(157,40): warning C4047: '함수': 'int'의 간접 참조 수준이 'int *'과(와) 다릅니다.
C:\Users\User\Desktop\Whale_Game\Whale.c(157,38): warning C4024: 'print_main_text': 형식 및 실제 매개 변수 4의 형식이 서로 다릅니다.
C:\Users\User\Desktop\Whale_Game\Whale.c(162,51): warning C4047: '함수': 'char *'의 간접 참조 수준이 'int'과(와) 다릅니다.
C:\Users\User\Desktop\Whale_Game\Whale.c(162,46): warning C4024: 'print_main_text': 형식 및 실제 매개 변수 2의 형식이 서로 다릅니다.
C:\Users\User\Desktop\Whale_Game\Whale.c(162,55): warning C4047: '함수': 'int'의 간접 참조 수준이 'int *'과(와) 다릅니다.
C:\Users\User\Desktop\Whale_Game\Whale.c(162,53): warning C4024: 'print_main_text': 형식 및 실제 매개 변수 3의 형식이 서로 다릅니다.
C:\Users\User\Desktop\Whale_Game\Whale.c(162,59): warning C4047: '함수': 'int'의 간접 참조 수준이 'int *'과(와) 다릅니다.
C:\Users\User\Desktop\Whale_Game\Whale.c(162,57): warning C4024: 'print_main_text': 형식 및 실제 매개 변수 4의 형식이 서로 다릅니다.
C:\Users\User\Desktop\Whale_Game\Whale.c(164,56): warning C4047: '함수': 'char *'의 간접 참조 수준이 'int'과(와) 다릅니다.
C:\Users\User\Desktop\Whale_Game\Whale.c(164,48): warning C4024: 'print_main_text': 형식 및 실제 매개 변수 2의 형식이 서로 다릅니다.
C:\Users\User\Desktop\Whale_Game\Whale.c(164,60): warning C4047: '함수': 'int'의 간접 참조 수준이 'int *'과(와) 다릅니다.
C:\Users\User\Desktop\Whale_Game\Whale.c(164,58): warning C4024: 'print_main_text': 형식 및 실제 매개 변수 3의 형식이 서로 다릅니다.
C:\Users\User\Desktop\Whale_Game\Whale.c(164,64): warning C4047: '함수': 'int'의 간접 참조 수준이 'int *'과(와) 다릅니다.
C:\Users\User\Desktop\Whale_Game\Whale.c(164,62): warning C4024: 'print_main_text': 형식 및 실제 매개 변수 4의 형식이 서로 다릅니다.
C:\Users\User\Desktop\Whale_Game\Whale.c(166,58): warning C4047: '함수': 'char *'의 간접 참조 수준이 'int'과(와) 다릅니다.
C:\Users\User\Desktop\Whale_Game\Whale.c(166,50): warning C4024: 'print_main_text': 형식 및 실제 매개 변수 2의 형식이 서로 다릅니다.
C:\Users\User\Desktop\Whale_Game\Whale.c(166,62): warning C4047: '함수': 'int'의 간접 참조 수준이 'int *'과(와) 다릅니다.
C:\Users\User\Desktop\Whale_Game\Whale.c(166,60): warning C4024: 'print_main_text': 형식 및 실제 매개 변수 3의 형식이 서로 다릅니다.
C:\Users\User\Desktop\Whale_Game\Whale.c(166,66): warning C4047: '함수': 'int'의 간접 참조 수준이 'int *'과(와) 다릅니다.
C:\Users\User\Desktop\Whale_Game\Whale.c(166,64): warning C4024: 'print_main_text': 형식 및 실제 매개 변수 4의 형식이 서로 다릅니다.
C:\Users\User\Desktop\Whale_Game\Whale.c(168,58): warning C4047: '함수': 'char *'의 간접 참조 수준이 'int'과(와) 다릅니다.
C:\Users\User\Desktop\Whale_Game\Whale.c(168,50): warning C4024: 'print_main_text': 형식 및 실제 매개 변수 2의 형식이 서로 다릅니다.
C:\Users\User\Desktop\Whale_Game\Whale.c(168,62): warning C4047: '함수': 'int'의 간접 참조 수준이 'int *'과(와) 다릅니다.
C:\Users\User\Desktop\Whale_Game\Whale.c(168,60): warning C4024: 'print_main_text': 형식 및 실제 매개 변수 3의 형식이 서로 다릅니다.
C:\Users\User\Desktop\Whale_Game\Whale.c(168,66): warning C4047: '함수': 'int'의 간접 참조 수준이 'int *'과(와) 다릅니다.
C:\Users\User\Desktop\Whale_Game\Whale.c(168,64): warning C4024: 'print_main_text': 형식 및 실제 매개 변수 4의 형식이 서로 다릅니다.
C:\Users\User\Desktop\Whale_Game\Whale.c(170,56): warning C4047: '함수': 'char *'의 간접 참조 수준이 'int'과(와) 다릅니다.
C:\Users\User\Desktop\Whale_Game\Whale.c(170,48): warning C4024: 'print_main_text': 형식 및 실제 매개 변수 2의 형식이 서로 다릅니다.
C:\Users\User\Desktop\Whale_Game\Whale.c(170,60): warning C4047: '함수': 'int'의 간접 참조 수준이 'int *'과(와) 다릅니다.
C:\Users\User\Desktop\Whale_Game\Whale.c(170,58): warning C4024: 'print_main_text': 형식 및 실제 매개 변수 3의 형식이 서로 다릅니다.
C:\Users\User\Desktop\Whale_Game\Whale.c(170,64): warning C4047: '함수': 'int'의 간접 참조 수준이 'int *'과(와) 다릅니다.
C:\Users\User\Desktop\Whale_Game\Whale.c(170,62): warning C4024: 'print_main_text': 형식 및 실제 매개 변수 4의 형식이 서로 다릅니다.
C:\Users\User\Desktop\Whale_Game\Whale.c(172,54): warning C4047: '함수': 'char *'의 간접 참조 수준이 'int'과(와) 다릅니다.
C:\Users\User\Desktop\Whale_Game\Whale.c(172,46): warning C4024: 'print_main_text': 형식 및 실제 매개 변수 2의 형식이 서로 다릅니다.
C:\Users\User\Desktop\Whale_Game\Whale.c(172,58): warning C4047: '함수': 'int'의 간접 참조 수준이 'int *'과(와) 다릅니다.
C:\Users\User\Desktop\Whale_Game\Whale.c(172,56): warning C4024: 'print_main_text': 형식 및 실제 매개 변수 3의 형식이 서로 다릅니다.
C:\Users\User\Desktop\Whale_Game\Whale.c(172,62): warning C4047: '함수': 'int'의 간접 참조 수준이 'int *'과(와) 다릅니다.
C:\Users\User\Desktop\Whale_Game\Whale.c(172,60): warning C4024: 'print_main_text': 형식 및 실제 매개 변수 4의 형식이 서로 다릅니다.
C:\Users\User\Desktop\Whale_Game\Whale.c(318,40): warning C4047: '함수': 'char *'의 간접 참조 수준이 'int'과(와) 다릅니다.
C:\Users\User\Desktop\Whale_Game\Whale.c(318,30): warning C4024: 'print_main_text': 형식 및 실제 매개 변수 2의 형식이 서로 다릅니다.
C:\Users\User\Desktop\Whale_Game\Whale.c(318,44): warning C4047: '함수': 'int'의 간접 참조 수준이 'int *'과(와) 다릅니다.
C:\Users\User\Desktop\Whale_Game\Whale.c(318,42): warning C4024: 'print_main_text': 형식 및 실제 매개 변수 3의 형식이 서로 다릅니다.
C:\Users\User\Desktop\Whale_Game\Whale.c(318,48): warning C4047: '함수': 'int'의 간접 참조 수준이 'int *'과(와) 다릅니다.
C:\Users\User\Desktop\Whale_Game\Whale.c(318,46): warning C4024: 'print_main_text': 형식 및 실제 매개 변수 4의 형식이 서로 다릅니다.
C:\Users\User\Desktop\Whale_Game\Whale.c(320,40): warning C4047: '함수': 'char *'의 간접 참조 수준이 'int'과(와) 다릅니다.
C:\Users\User\Desktop\Whale_Game\Whale.c(320,30): warning C4024: 'print_main_text': 형식 및 실제 매개 변수 2의 형식이 서로 다릅니다.
C:\Users\User\Desktop\Whale_Game\Whale.c(320,44): warning C4047: '함수': 'int'의 간접 참조 수준이 'int *'과(와) 다릅니다.
C:\Users\User\Desktop\Whale_Game\Whale.c(320,42): warning C4024: 'print_main_text': 형식 및 실제 매개 변수 3의 형식이 서로 다릅니다.
C:\Users\User\Desktop\Whale_Game\Whale.c(320,48): warning C4047: '함수': 'int'의 간접 참조 수준이 'int *'과(와) 다릅니다.
C:\Users\User\Desktop\Whale_Game\Whale.c(320,46): warning C4024: 'print_main_text': 형식 및 실제 매개 변수 4의 형식이 서로 다릅니다.
C:\Users\User\Desktop\Whale_Game\Whale.c(322,41): warning C4047: '함수': 'char *'의 간접 참조 수준이 'int'과(와) 다릅니다.
C:\Users\User\Desktop\Whale_Game\Whale.c(322,31): warning C4024: 'print_main_text': 형식 및 실제 매개 변수 2의 형식이 서로 다릅니다.
C:\Users\User\Desktop\Whale_Game\Whale.c(322,45): warning C4047: '함수': 'int'의 간접 참조 수준이 'int *'과(와) 다릅니다.
C:\Users\User\Desktop\Whale_Game\Whale.c(322,43): warning C4024: 'print_main_text': 형식 및 실제 매개 변수 3의 형식이 서로 다릅니다.
C:\Users\User\Desktop\Whale_Game\Whale.c(322,49): warning C4047: '함수': 'int'의 간접 참조 수준이 'int *'과(와) 다릅니다.
C:\Users\User\Desktop\Whale_Game\Whale.c(322,47): warning C4024: 'print_main_text': 형식 및 실제 매개 변수 4의 형식이 서로 다릅니다.
C:\Users\User\Desktop\Whale_Game\Whale.c(324,48): warning C4047: '함수': 'char *'의 간접 참조 수준이 'int'과(와) 다릅니다.
C:\Users\User\Desktop\Whale_Game\Whale.c(324,38): warning C4024: 'print_main_text': 형식 및 실제 매개 변수 2의 형식이 서로 다릅니다.
C:\Users\User\Desktop\Whale_Game\Whale.c(324,52): warning C4047: '함수': 'int'의 간접 참조 수준이 'int *'과(와) 다릅니다.
C:\Users\User\Desktop\Whale_Game\Whale.c(324,50): warning C4024: 'print_main_text': 형식 및 실제 매개 변수 3의 형식이 서로 다릅니다.
C:\Users\User\Desktop\Whale_Game\Whale.c(324,56): warning C4047: '함수': 'int'의 간접 참조 수준이 'int *'과(와) 다릅니다.
C:\Users\User\Desktop\Whale_Game\Whale.c(324,54): warning C4024: 'print_main_text': 형식 및 실제 매개 변수 4의 형식이 서로 다릅니다.
C:\Users\User\Desktop\Whale_Game\Whale.c(326,49): warning C4047: '함수': 'char *'의 간접 참조 수준이 'int'과(와) 다릅니다.
C:\Users\User\Desktop\Whale_Game\Whale.c(326,39): warning C4024: 'print_main_text': 형식 및 실제 매개 변수 2의 형식이 서로 다릅니다.
C:\Users\User\Desktop\Whale_Game\Whale.c(326,53): warning C4047: '함수': 'int'의 간접 참조 수준이 'int *'과(와) 다릅니다.
C:\Users\User\Desktop\Whale_Game\Whale.c(326,51): warning C4024: 'print_main_text': 형식 및 실제 매개 변수 3의 형식이 서로 다릅니다.
C:\Users\User\Desktop\Whale_Game\Whale.c(326,57): warning C4047: '함수': 'int'의 간접 참조 수준이 'int *'과(와) 다릅니다.
C:\Users\User\Desktop\Whale_Game\Whale.c(326,55): warning C4024: 'print_main_text': 형식 및 실제 매개 변수 4의 형식이 서로 다릅니다.
C:\Users\User\Desktop\Whale_Game\Whale.c(328,49): warning C4047: '함수': 'char *'의 간접 참조 수준이 'int'과(와) 다릅니다.
C:\Users\User\Desktop\Whale_Game\Whale.c(328,39): warning C4024: 'print_main_text': 형식 및 실제 매개 변수 2의 형식이 서로 다릅니다.
C:\Users\User\Desktop\Whale_Game\Whale.c(328,53): warning C4047: '함수': 'int'의 간접 참조 수준이 'int *'과(와) 다릅니다.
C:\Users\User\Desktop\Whale_Game\Whale.c(328,51): warning C4024: 'print_main_text': 형식 및 실제 매개 변수 3의 형식이 서로 다릅니다.
C:\Users\User\Desktop\Whale_Game\Whale.c(328,57): warning C4047: '함수': 'int'의 간접 참조 수준이 'int *'과(와) 다릅니다.
C:\Users\User\Desktop\Whale_Game\Whale.c(328,55): warning C4024: 'print_main_text': 형식 및 실제 매개 변수 4의 형식이 서로 다릅니다.
C:\Users\User\Desktop\Whale_Game\Whale.c(330,51): warning C4047: '함수': 'char *'의 간접 참조 수준이 'int'과(와) 다릅니다.
C:\Users\User\Desktop\Whale_Game\Whale.c(330,41): warning C4024: 'print_main_text': 형식 및 실제 매개 변수 2의 형식이 서로 다릅니다.
C:\Users\User\Desktop\Whale_Game\Whale.c(330,55): warning C4047: '함수': 'int'의 간접 참조 수준이 'int *'과(와) 다릅니다.
C:\Users\User\Desktop\Whale_Game\Whale.c(330,53): warning C4024: 'print_main_text': 형식 및 실제 매개 변수 3의 형식이 서로 다릅니다.
C:\Users\User\Desktop\Whale_Game\Whale.c(330,59): warning C4047: '함수': 'int'의 간접 참조 수준이 'int *'과(와) 다릅니다.
C:\Users\User\Desktop\Whale_Game\Whale.c(330,57): warning C4024: 'print_main_text': 형식 및 실제 매개 변수 4의 형식이 서로 다릅니다.
C:\Users\User\Desktop\Whale_Game\Whale.c(332,51): warning C4047: '함수': 'char *'의 간접 참조 수준이 'int'과(와) 다릅니다.
C:\Users\User\Desktop\Whale_Game\Whale.c(332,41): warning C4024: 'print_main_text': 형식 및 실제 매개 변수 2의 형식이 서로 다릅니다.
C:\Users\User\Desktop\Whale_Game\Whale.c(332,55): warning C4047: '함수': 'int'의 간접 참조 수준이 'int *'과(와) 다릅니다.
C:\Users\User\Desktop\Whale_Game\Whale.c(332,53): warning C4024: 'print_main_text': 형식 및 실제 매개 변수 3의 형식이 서로 다릅니다.
C:\Users\User\Desktop\Whale_Game\Whale.c(332,59): warning C4047: '함수': 'int'의 간접 참조 수준이 'int *'과(와) 다릅니다.
C:\Users\User\Desktop\Whale_Game\Whale.c(332,57): warning C4024: 'print_main_text': 형식 및 실제 매개 변수 4의 형식이 서로 다릅니다.
C:\Users\User\Desktop\Whale_Game\Whale.c(334,53): warning C4047: '함수': 'char *'의 간접 참조 수준이 'int'과(와) 다릅니다.
C:\Users\User\Desktop\Whale_Game\Whale.c(334,43): warning C4024: 'print_main_text': 형식 및 실제 매개 변수 2의 형식이 서로 다릅니다.
C:\Users\User\Desktop\Whale_Game\Whale.c(334,57): warning C4047: '함수': 'int'의 간접 참조 수준이 'int *'과(와) 다릅니다.
C:\Users\User\Desktop\Whale_Game\Whale.c(334,55): warning C4024: 'print_main_text': 형식 및 실제 매개 변수 3의 형식이 서로 다릅니다.
C:\Users\User\Desktop\Whale_Game\Whale.c(334,61): warning C4047: '함수': 'int'의 간접 참조 수준이 'int *'과(와) 다릅니다.
C:\Users\User\Desktop\Whale_Game\Whale.c(334,59): warning C4024: 'print_main_text': 형식 및 실제 매개 변수 4의 형식이 서로 다릅니다.
C:\Users\User\Desktop\Whale_Game\Whale.c(336,53): warning C4047: '함수': 'char *'의 간접 참조 수준이 'int'과(와) 다릅니다.
C:\Users\User\Desktop\Whale_Game\Whale.c(336,43): warning C4024: 'print_main_text': 형식 및 실제 매개 변수 2의 형식이 서로 다릅니다.
C:\Users\User\Desktop\Whale_Game\Whale.c(336,57): warning C4047: '함수': 'int'의 간접 참조 수준이 'int *'과(와) 다릅니다.
C:\Users\User\Desktop\Whale_Game\Whale.c(336,55): warning C4024: 'print_main_text': 형식 및 실제 매개 변수 3의 형식이 서로 다릅니다.
C:\Users\User\Desktop\Whale_Game\Whale.c(336,61): warning C4047: '함수': 'int'의 간접 참조 수준이 'int *'과(와) 다릅니다.
C:\Users\User\Desktop\Whale_Game\Whale.c(336,59): warning C4024: 'print_main_text': 형식 및 실제 매개 변수 4의 형식이 서로 다릅니다.
C:\Users\User\Desktop\Whale_Game\Whale.c(341,40): warning C4047: '함수': 'char *'의 간접 참조 수준이 'int'과(와) 다릅니다.
C:\Users\User\Desktop\Whale_Game\Whale.c(341,30): warning C4024: 'print_main_text': 형식 및 실제 매개 변수 2의 형식이 서로 다릅니다.
C:\Users\User\Desktop\Whale_Game\Whale.c(341,44): warning C4047: '함수': 'int'의 간접 참조 수준이 'int *'과(와) 다릅니다.
C:\Users\User\Desktop\Whale_Game\Whale.c(341,42): warning C4024: 'print_main_text': 형식 및 실제 매개 변수 3의 형식이 서로 다릅니다.
C:\Users\User\Desktop\Whale_Game\Whale.c(341,48): warning C4047: '함수': 'int'의 간접 참조 수준이 'int *'과(와) 다릅니다.
C:\Users\User\Desktop\Whale_Game\Whale.c(341,46): warning C4024: 'print_main_text': 형식 및 실제 매개 변수 4의 형식이 서로 다릅니다.
C:\Users\User\Desktop\Whale_Game\Whale.c(343,40): warning C4047: '함수': 'char *'의 간접 참조 수준이 'int'과(와) 다릅니다.
C:\Users\User\Desktop\Whale_Game\Whale.c(343,30): warning C4024: 'print_main_text': 형식 및 실제 매개 변수 2의 형식이 서로 다릅니다.
C:\Users\User\Desktop\Whale_Game\Whale.c(343,44): warning C4047: '함수': 'int'의 간접 참조 수준이 'int *'과(와) 다릅니다.
C:\Users\User\Desktop\Whale_Game\Whale.c(343,42): warning C4024: 'print_main_text': 형식 및 실제 매개 변수 3의 형식이 서로 다릅니다.
C:\Users\User\Desktop\Whale_Game\Whale.c(343,48): warning C4047: '함수': 'int'의 간접 참조 수준이 'int *'과(와) 다릅니다.
C:\Users\User\Desktop\Whale_Game\Whale.c(343,46): warning C4024: 'print_main_text': 형식 및 실제 매개 변수 4의 형식이 서로 다릅니다.
C:\Users\User\Desktop\Whale_Game\Whale.c(345,41): warning C4047: '함수': 'char *'의 간접 참조 수준이 'int'과(와) 다릅니다.
C:\Users\User\Desktop\Whale_Game\Whale.c(345,31): warning C4024: 'print_main_text': 형식 및 실제 매개 변수 2의 형식이 서로 다릅니다.
C:\Users\User\Desktop\Whale_Game\Whale.c(345,45): warning C4047: '함수': 'int'의 간접 참조 수준이 'int *'과(와) 다릅니다.
C:\Users\User\Desktop\Whale_Game\Whale.c(345,43): warning C4024: 'print_main_text': 형식 및 실제 매개 변수 3의 형식이 서로 다릅니다.
C:\Users\User\Desktop\Whale_Game\Whale.c(345,49): warning C4047: '함수': 'int'의 간접 참조 수준이 'int *'과(와) 다릅니다.
C:\Users\User\Desktop\Whale_Game\Whale.c(345,47): warning C4024: 'print_main_text': 형식 및 실제 매개 변수 4의 형식이 서로 다릅니다.
C:\Users\User\Desktop\Whale_Game\Whale.c(347,48): warning C4047: '함수': 'char *'의 간접 참조 수준이 'int'과(와) 다릅니다.
C:\Users\User\Desktop\Whale_Game\Whale.c(347,38): warning C4024: 'print_main_text': 형식 및 실제 매개 변수 2의 형식이 서로 다릅니다.
C:\Users\User\Desktop\Whale_Game\Whale.c(347,52): warning C4047: '함수': 'int'의 간접 참조 수준이 'int *'과(와) 다릅니다.
C:\Users\User\Desktop\Whale_Game\Whale.c(347,50): warning C4024: 'print_main_text': 형식 및 실제 매개 변수 3의 형식이 서로 다릅니다.
C:\Users\User\Desktop\Whale_Game\Whale.c(347,56): warning C4047: '함수': 'int'의 간접 참조 수준이 'int *'과(와) 다릅니다.
C:\Users\User\Desktop\Whale_Game\Whale.c(347,54): warning C4024: 'print_main_text': 형식 및 실제 매개 변수 4의 형식이 서로 다릅니다.
C:\Users\User\Desktop\Whale_Game\Whale.c(349,49): warning C4047: '함수': 'char *'의 간접 참조 수준이 'int'과(와) 다릅니다.
C:\Users\User\Desktop\Whale_Game\Whale.c(349,39): warning C4024: 'print_main_text': 형식 및 실제 매개 변수 2의 형식이 서로 다릅니다.
C:\Users\User\Desktop\Whale_Game\Whale.c(349,53): warning C4047: '함수': 'int'의 간접 참조 수준이 'int *'과(와) 다릅니다.
C:\Users\User\Desktop\Whale_Game\Whale.c(349,51): warning C4024: 'print_main_text': 형식 및 실제 매개 변수 3의 형식이 서로 다릅니다.
C:\Users\User\Desktop\Whale_Game\Whale.c(349,57): warning C4047: '함수': 'int'의 간접 참조 수준이 'int *'과(와) 다릅니다.
C:\Users\User\Desktop\Whale_Game\Whale.c(349,55): warning C4024: 'print_main_text': 형식 및 실제 매개 변수 4의 형식이 서로 다릅니다.
C:\Users\User\Desktop\Whale_Game\Whale.c(351,49): warning C4047: '함수': 'char *'의 간접 참조 수준이 'int'과(와) 다릅니다.
C:\Users\User\Desktop\Whale_Game\Whale.c(351,39): warning C4024: 'print_main_text': 형식 및 실제 매개 변수 2의 형식이 서로 다릅니다.
C:\Users\User\Desktop\Whale_Game\Whale.c(351,53): warning C4047: '함수': 'int'의 간접 참조 수준이 'int *'과(와) 다릅니다.
C:\Users\User\Desktop\Whale_Game\Whale.c(351,51): warning C4024: 'print_main_text': 형식 및 실제 매개 변수 3의 형식이 서로 다릅니다.
C:\Users\User\Desktop\Whale_Game\Whale.c(351,57): warning C4047: '함수': 'int'의 간접 참조 수준이 'int *'과(와) 다릅니다.
C:\Users\User\Desktop\Whale_Game\Whale.c(351,55): warning C4024: 'print_main_text': 형식 및 실제 매개 변수 4의 형식이 서로 다릅니다.
C:\Users\User\Desktop\Whale_Game\Whale.c(353,51): warning C4047: '함수': 'char *'의 간접 참조 수준이 'int'과(와) 다릅니다.
C:\Users\User\Desktop\Whale_Game\Whale.c(353,41): warning C4024: 'print_main_text': 형식 및 실제 매개 변수 2의 형식이 서로 다릅니다.
C:\Users\User\Desktop\Whale_Game\Whale.c(353,55): warning C4047: '함수': 'int'의 간접 참조 수준이 'int *'과(와) 다릅니다.
C:\Users\User\Desktop\Whale_Game\Whale.c(353,53): warning C4024: 'print_main_text': 형식 및 실제 매개 변수 3의 형식이 서로 다릅니다.
C:\Users\User\Desktop\Whale_Game\Whale.c(353,59): warning C4047: '함수': 'int'의 간접 참조 수준이 'int *'과(와) 다릅니다.
C:\Users\User\Desktop\Whale_Game\Whale.c(353,57): warning C4024: 'print_main_text': 형식 및 실제 매개 변수 4의 형식이 서로 다릅니다.
C:\Users\User\Desktop\Whale_Game\Whale.c(355,51): warning C4047: '함수': 'char *'의 간접 참조 수준이 'int'과(와) 다릅니다.
C:\Users\User\Desktop\Whale_Game\Whale.c(355,41): warning C4024: 'print_main_text': 형식 및 실제 매개 변수 2의 형식이 서로 다릅니다.
C:\Users\User\Desktop\Whale_Game\Whale.c(355,55): warning C4047: '함수': 'int'의 간접 참조 수준이 'int *'과(와) 다릅니다.
C:\Users\User\Desktop\Whale_Game\Whale.c(355,53): warning C4024: 'print_main_text': 형식 및 실제 매개 변수 3의 형식이 서로 다릅니다.
C:\Users\User\Desktop\Whale_Game\Whale.c(355,59): warning C4047: '함수': 'int'의 간접 참조 수준이 'int *'과(와) 다릅니다.
C:\Users\User\Desktop\Whale_Game\Whale.c(355,57): warning C4024: 'print_main_text': 형식 및 실제 매개 변수 4의 형식이 서로 다릅니다.
C:\Users\User\Desktop\Whale_Game\Whale.c(357,53): warning C4047: '함수': 'char *'의 간접 참조 수준이 'int'과(와) 다릅니다.
C:\Users\User\Desktop\Whale_Game\Whale.c(357,43): warning C4024: 'print_main_text': 형식 및 실제 매개 변수 2의 형식이 서로 다릅니다.
C:\Users\User\Desktop\Whale_Game\Whale.c(357,57): warning C4047: '함수': 'int'의 간접 참조 수준이 'int *'과(와) 다릅니다.
C:\Users\User\Desktop\Whale_Game\Whale.c(357,55): warning C4024: 'print_main_text': 형식 및 실제 매개 변수 3의 형식이 서로 다릅니다.
C:\Users\User\Desktop\Whale_Game\Whale.c(357,61): warning C4047: '함수': 'int'의 간접 참조 수준이 'int *'과(와) 다릅니다.
C:\Users\User\Desktop\Whale_Game\Whale.c(357,59): warning C4024: 'print_main_text': 형식 및 실제 매개 변수 4의 형식이 서로 다릅니다.
C:\Users\User\Desktop\Whale_Game\Whale.c(359,53): warning C4047: '함수': 'char *'의 간접 참조 수준이 'int'과(와) 다릅니다.
C:\Users\User\Desktop\Whale_Game\Whale.c(359,43): warning C4024: 'print_main_text': 형식 및 실제 매개 변수 2의 형식이 서로 다릅니다.
C:\Users\User\Desktop\Whale_Game\Whale.c(359,57): warning C4047: '함수': 'int'의 간접 참조 수준이 'int *'과(와) 다릅니다.
C:\Users\User\Desktop\Whale_Game\Whale.c(359,55): warning C4024: 'print_main_text': 형식 및 실제 매개 변수 3의 형식이 서로 다릅니다.
C:\Users\User\Desktop\Whale_Game\Whale.c(359,61): warning C4047: '함수': 'int'의 간접 참조 수준이 'int *'과(와) 다릅니다.
C:\Users\User\Desktop\Whale_Game\Whale.c(359,59): warning C4024: 'print_main_text': 형식 및 실제 매개 변수 4의 형식이 서로 다릅니다.
  Project_whale.vcxproj -> C:\Users\User\Desktop\Whale_Game\x64\Debug\Project_whale.exe
